-------------------------------------------------------------------------------
Test set: crossing.e1.featuremodel.clafer.test.XMLParserTest
-------------------------------------------------------------------------------
Tests run: 2, Failures: 1, Errors: 0, Skipped: 0, Time elapsed: 0.714 sec <<< FAILURE! - in crossing.e1.featuremodel.clafer.test.XMLParserTest
testWriteToFile(crossing.e1.featuremodel.clafer.test.XMLParserTest)  Time elapsed: 0.127 sec  <<< FAILURE!
org.junit.internal.ArrayComparisonFailure: arrays first differed at element [38]; expected:<13> but was:<10>
	at org.junit.Assert.fail(Assert.java:88)
	at org.junit.Assert.failNotEquals(Assert.java:834)
	at org.junit.Assert.assertEquals(Assert.java:118)
	at org.junit.Assert.assertEquals(Assert.java:144)
	at org.junit.internal.ExactComparisonCriteria.assertElementsEqual(ExactComparisonCriteria.java:8)
	at org.junit.internal.ComparisonCriteria.arrayEquals(ComparisonCriteria.java:53)
	at org.junit.Assert.internalArrayEquals(Assert.java:532)
	at org.junit.Assert.assertArrayEquals(Assert.java:341)
	at org.junit.Assert.assertArrayEquals(Assert.java:352)
	at crossing.e1.featuremodel.clafer.test.XMLParserTest.testWriteToFile(XMLParserTest.java:79)

